2025-05-08 14:25:28 [INFO] System validation passed
2025-05-08 14:25:29 [INFO] APT updating package lists...
2025-05-08 14:25:45 [INFO] Installing required apt packages: jq
2025-05-08 14:25:46 [INFO] Apt packages installed successfully
2025-05-08 14:25:46 [INFO] Snap core24 is already installed. Skipping...
2025-05-08 14:25:46 [INFO] Snap maas is already installed. Skipping...
2025-05-08 14:25:46 [INFO] Snap maas-test-db is already installed. Skipping...
2025-05-08 14:25:46 [INFO] Snap juju is already installed. Skipping...
2025-05-08 14:25:46 [INFO] Snap lxd is already installed. Skipping...
2025-05-08 14:25:46 [INFO] Refreshing snap lxd to 5.0/stable... (Attempt 1)
2025-05-08 14:25:47 [INFO] Holding all snaps...
2025-05-08 14:25:47 [INFO] Detecting available bridges...
2025-05-08 14:26:03 [INFO] System validation passed
2025-05-08 14:26:04 [INFO] APT updating package lists...
2025-05-08 14:26:36 [INFO] System validation passed
2025-05-08 14:26:37 [INFO] APT updating package lists...
2025-05-08 14:27:36 [INFO] System validation passed
2025-05-08 14:27:37 [INFO] Installing required apt packages: jq
2025-05-08 14:27:38 [INFO] Apt packages installed successfully
2025-05-08 14:27:38 [INFO] Snap core24 is already installed. Skipping...
2025-05-08 14:27:38 [INFO] Snap maas is already installed. Skipping...
2025-05-08 14:27:38 [INFO] Snap maas-test-db is already installed. Skipping...
2025-05-08 14:27:38 [INFO] Snap juju is already installed. Skipping...
2025-05-08 14:27:38 [INFO] Snap lxd is already installed. Skipping...
2025-05-08 14:27:38 [INFO] Refreshing snap lxd to 5.0/stable... (Attempt 1)
2025-05-08 14:27:39 [INFO] Holding all snaps...
2025-05-08 14:27:39 [INFO] Detecting available bridges...
2025-05-08 14:28:06 [INFO] System validation passed
2025-05-08 14:28:07 [INFO] Installing required apt packages: jq
2025-05-08 14:28:07 [INFO] Apt packages installed successfully
2025-05-08 14:28:08 [INFO] Snap core24 is already installed. Skipping...
2025-05-08 14:28:08 [INFO] Snap maas is already installed. Skipping...
2025-05-08 14:28:08 [INFO] Snap maas-test-db is already installed. Skipping...
2025-05-08 14:28:08 [INFO] Snap juju is already installed. Skipping...
2025-05-08 14:28:08 [INFO] Snap lxd is already installed. Skipping...
2025-05-08 14:28:08 [INFO] Refreshing snap lxd to 5.0/stable... (Attempt 1)
2025-05-08 14:28:09 [INFO] Holding all snaps...
2025-05-08 14:28:09 [INFO] Detecting available bridges...
2025-05-08 14:30:29 [INFO] System validation passed
2025-05-08 14:30:30 [INFO] Installing required apt packages: jq openssh-server bridge-utils openvswitch-switch
2025-05-08 14:30:31 [INFO] Apt packages installed successfully
2025-05-08 14:30:31 [INFO] Snap core24 is already installed. Skipping...
2025-05-08 14:30:31 [INFO] Snap maas is already installed. Skipping...
2025-05-08 14:30:31 [INFO] Snap maas-test-db is already installed. Skipping...
2025-05-08 14:30:31 [INFO] Snap juju is already installed. Skipping...
2025-05-08 14:30:31 [INFO] Snap lxd is already installed. Skipping...
2025-05-08 14:30:31 [INFO] Refreshing snap lxd to 5.0/stable... (Attempt 1)
